Using pre-set license
Built from '2021.3/release' branch; Version is '2021.3.17f1 (3e8111cac19d) revision 4096273'; Using compiler version '192829333'; Build Type 'Release'
OS: 'Windows 10  (10.0.19045) 64bit Professional' Language: 'pt' Physical Memory: 15110 MB
BatchMode: 1, IsHumanControllingUs: 0, StartBugReporterOnCrash: 0, Is64bit: 1, IsPro: 1

COMMAND LINE ARGUMENTS:
C:\Program Files\Unity\Hub\Editor\2021.3.17f1\Editor\Unity.exe
-adb2
-batchMode
-noUpm
-name
AssetImportWorker2
-projectPath
C:/Users/yago.steinmetz/Documents/GitHub/WetWater/Gamejam Solsticio
-logFile
Logs/AssetImportWorker2.log
-srvPort
57950
Successfully changed project path to: C:/Users/yago.steinmetz/Documents/GitHub/WetWater/Gamejam Solsticio
C:/Users/yago.steinmetz/Documents/GitHub/WetWater/Gamejam Solsticio
[UnityMemory] Configuration Parameters - Can be set up in boot.config
    "memorysetup-bucket-allocator-granularity=16"
    "memorysetup-bucket-allocator-bucket-count=8"
    "memorysetup-bucket-allocator-block-size=33554432"
    "memorysetup-bucket-allocator-block-count=8"
    "memorysetup-main-allocator-block-size=16777216"
    "memorysetup-thread-allocator-block-size=16777216"
    "memorysetup-gfx-main-allocator-block-size=16777216"
    "memorysetup-gfx-thread-allocator-block-size=16777216"
    "memorysetup-cache-allocator-block-size=4194304"
    "memorysetup-typetree-allocator-block-size=2097152"
    "memorysetup-profiler-bucket-allocator-granularity=16"
    "memorysetup-profiler-bucket-allocator-bucket-count=8"
    "memorysetup-profiler-bucket-allocator-block-size=33554432"
    "memorysetup-profiler-bucket-allocator-block-count=8"
    "memorysetup-profiler-allocator-block-size=16777216"
    "memorysetup-profiler-editor-allocator-block-size=1048576"
    "memorysetup-temp-allocator-size-main=16777216"
    "memorysetup-job-temp-allocator-block-size=2097152"
    "memorysetup-job-temp-allocator-block-size-background=1048576"
    "memorysetup-job-temp-allocator-reduction-small-platforms=262144"
    "memorysetup-temp-allocator-size-background-worker=32768"
    "memorysetup-temp-allocator-size-job-worker=262144"
    "memorysetup-temp-allocator-size-preload-manager=33554432"
    "memorysetup-temp-allocator-size-nav-mesh-worker=65536"
    "memorysetup-temp-allocator-size-audio-worker=65536"
    "memorysetup-temp-allocator-size-cloud-worker=32768"
    "memorysetup-temp-allocator-size-gi-baking-worker=262144"
    "memorysetup-temp-allocator-size-gfx=262144"
Player connection [16392] Host "[IP] 10.10.165.119 [Port] 0 [Flags] 2 [Guid] 2834962056 [EditorId] 2834962056 [Version] 1048832 [Id] WindowsEditor(7,PLE111D25) [Debug] 1 [PackageName] WindowsEditor [ProjectName] Editor" joined multi-casting on [225.0.0.222:54997]...

Player connection [16392] Host "[IP] 10.10.165.119 [Port] 0 [Flags] 2 [Guid] 2834962056 [EditorId] 2834962056 [Version] 1048832 [Id] WindowsEditor(7,PLE111D25) [Debug] 1 [PackageName] WindowsEditor [ProjectName] Editor" joined alternative multi-casting on [225.0.0.222:34997]...

Refreshing native plugins compatible for Editor in 90.44 ms, found 4 plugins.
Preloading 0 native plugins for Editor in 0.00 ms.
Initialize engine version: 2021.3.17f1 (3e8111cac19d)
[Subsystems] Discovering subsystems at path C:/Program Files/Unity/Hub/Editor/2021.3.17f1/Editor/Data/Resources/UnitySubsystems
[Subsystems] Discovering subsystems at path C:/Users/yago.steinmetz/Documents/GitHub/WetWater/Gamejam Solsticio/Assets
GfxDevice: creating device client; threaded=0; jobified=0
Direct3D:
    Version:  Direct3D 11.0 [level 11.1]
    Renderer: Intel(R) UHD Graphics 770 (ID=0x4690)
    Vendor:   Intel
    VRAM:     7555 MB
    Driver:   31.0.101.4575
Initialize mono
Mono path[0] = 'C:/Program Files/Unity/Hub/Editor/2021.3.17f1/Editor/Data/Managed'
Mono path[1] = 'C:/Program Files/Unity/Hub/Editor/2021.3.17f1/Editor/Data/MonoBleedingEdge/lib/mono/unityjit-win32'
Mono config path = 'C:/Program Files/Unity/Hub/Editor/2021.3.17f1/Editor/Data/MonoBleedingEdge/etc'
Using monoOptions --debugger-agent=transport=dt_socket,embedding=1,server=y,suspend=n,address=127.0.0.1:56020
Begin MonoManager ReloadAssembly
Registering precompiled unity dll's ...
Register platform support module: C:/Program Files/Unity/Hub/Editor/2021.3.17f1/Editor/Data/PlaybackEngines/WindowsStandaloneSupport/UnityEditor.WindowsStandalone.Extensions.dll
Registered in 0.005806 seconds.
Native extension for WindowsStandalone target not found
Refreshing native plugins compatible for Editor in 61.81 ms, found 4 plugins.
Preloading 0 native plugins for Editor in 0.00 ms.
Mono: successfully reloaded assembly
- Completed reload, in  0.461 seconds
Domain Reload Profiling:
	ReloadAssembly (461ms)
		BeginReloadAssembly (57ms)
			ExecutionOrderSort (0ms)
			DisableScriptedObjects (0ms)
			BackupInstance (0ms)
			ReleaseScriptingObjects (0ms)
			CreateAndSetChildDomain (1ms)
		EndReloadAssembly (315ms)
			LoadAssemblies (55ms)
			RebuildTransferFunctionScriptingTraits (0ms)
			SetupTypeCache (71ms)
			ReleaseScriptCaches (0ms)
			RebuildScriptCaches (18ms)
			SetupLoadedEditorAssemblies (187ms)
				LogAssemblyErrors (0ms)
				InitializePlatformSupportModulesInManaged (7ms)
				SetLoadedEditorAssemblies (0ms)
				RefreshPlugins (62ms)
				BeforeProcessingInitializeOnLoad (1ms)
				ProcessInitializeOnLoadAttributes (85ms)
				ProcessInitializeOnLoadMethodAttributes (33ms)
				AfterProcessingInitializeOnLoad (0ms)
				EditorAssembliesLoaded (0ms)
			ExecutionOrderSort2 (0ms)
			AwakeInstancesAfterBackupRestoration (0ms)
Platform modules already initialized, skipping
Registering precompiled user dll's ...
Registered in 0.006549 seconds.
Begin MonoManager ReloadAssembly
Symbol file LoadedFromMemory doesn't match image C:\Users\yago.steinmetz\Documents\GitHub\WetWater\Gamejam Solsticio\Library\PackageCache\com.unity.visualscripting@1.8.0\Editor\VisualScripting.Core\Dependencies\YamlDotNet\Unity.VisualScripting.YamlDotNet.dll
Symbol file LoadedFromMemory doesn't match image C:\Users\yago.steinmetz\Documents\GitHub\WetWater\Gamejam Solsticio\Library\PackageCache\com.unity.visualscripting@1.8.0\Editor\VisualScripting.Core\Dependencies\DotNetZip\Unity.VisualScripting.IonicZip.dll
Native extension for WindowsStandalone target not found
Refreshing native plugins compatible for Editor in 69.45 ms, found 4 plugins.
Preloading 0 native plugins for Editor in 0.00 ms.
Mono: successfully reloaded assembly
- Completed reload, in  0.988 seconds
Domain Reload Profiling:
	ReloadAssembly (989ms)
		BeginReloadAssembly (76ms)
			ExecutionOrderSort (0ms)
			DisableScriptedObjects (4ms)
			BackupInstance (0ms)
			ReleaseScriptingObjects (0ms)
			CreateAndSetChildDomain (14ms)
		EndReloadAssembly (834ms)
			LoadAssemblies (62ms)
			RebuildTransferFunctionScriptingTraits (0ms)
			SetupTypeCache (163ms)
			ReleaseScriptCaches (0ms)
			RebuildScriptCaches (38ms)
			SetupLoadedEditorAssemblies (528ms)
				LogAssemblyErrors (0ms)
				InitializePlatformSupportModulesInManaged (4ms)
				SetLoadedEditorAssemblies (0ms)
				RefreshPlugins (70ms)
				BeforeProcessingInitializeOnLoad (80ms)
				ProcessInitializeOnLoadAttributes (334ms)
				ProcessInitializeOnLoadMethodAttributes (33ms)
				AfterProcessingInitializeOnLoad (8ms)
				EditorAssembliesLoaded (0ms)
			ExecutionOrderSort2 (0ms)
			AwakeInstancesAfterBackupRestoration (4ms)
Platform modules already initialized, skipping
========================================================================
Worker process is ready to serve import requests
Launched and connected shader compiler UnityShaderCompiler.exe after 0.03 seconds
Refreshing native plugins compatible for Editor in 0.56 ms, found 4 plugins.
Preloading 0 native plugins for Editor in 0.00 ms.
Unloading 4087 Unused Serialized files (Serialized files now loaded: 0)
Unloading 46 unused Assets / (229.5 KB). Loaded Objects now: 4542.
Memory consumption went from 153.6 MB to 153.4 MB.
Total: 3.858600 ms (FindLiveObjects: 0.216500 ms CreateObjectMapping: 0.096300 ms MarkObjects: 3.407300 ms  DeleteObjects: 0.137700 ms)

AssetImportParameters requested are different than current active one (requested -> active):
  custom:video-decoder-ogg-theora: a1e56fd34408186e4bbccfd4996cb3dc -> 
  custom:container-muxer-webm: aa71ff27fc2769a1b78a27578f13a17b -> 
  custom:container-demuxer-webm: 4f35f7cbe854078d1ac9338744f61a02 -> 
  custom:video-encoder-webm-vp8: eb34c28f22e8b96e1ab97ce403110664 -> 
  custom:audio-encoder-webm-vorbis: bf7c407c2cedff20999df2af8eb42d56 -> 
  custom:framework-win-MediaFoundation: 216162199b28c13a410421893ffa2e32 -> 
  custom:container-demuxer-ogg: 62fdf1f143b41e24485cea50d1cbac27 -> 
  custom:video-decoder-webm-vp8: 9c59270c3fd7afecdb556c50c9e8de78 -> 
  custom:audio-decoder-ogg-vorbis: bf7c407c2cedff20999df2af8eb42d56 -> 
========================================================================
Received Import Request.
  Time since last request: 11114.751540 seconds.
  path: Assets/Art/Anim/RetroWindowsGUI/ExampleProject.unitypackage
  artifactKey: Guid(4655a5fb4601a2644bf9371e8dfb1e9f) Importer(815301076,1909f56bfc062723c751e8b465ee728b)
Start importing Assets/Art/Anim/RetroWindowsGUI/ExampleProject.unitypackage using Guid(4655a5fb4601a2644bf9371e8dfb1e9f) Importer(815301076,1909f56bfc062723c751e8b465ee728b)  -> (artifact id: 'b815f1863df56c111e021082fd4bdc2c') in 0.039525 seconds 
========================================================================
Received Import Request.
  Time since last request: 17.293400 seconds.
  path: Assets/Art/Anim/RetroWindowsGUI/Windows_Example_Popup.png
  artifactKey: Guid(088c30f00cf9d044ea62097e9380ff58) Importer(815301076,1909f56bfc062723c751e8b465ee728b)
Start importing Assets/Art/Anim/RetroWindowsGUI/Windows_Example_Popup.png using Guid(088c30f00cf9d044ea62097e9380ff58) Importer(815301076,1909f56bfc062723c751e8b465ee728b)  -> (artifact id: '1b09cf65dce8ca50b3b21e8b445847ba') in 0.088923 seconds 
========================================================================
Received Import Request.
  Time since last request: 0.000039 seconds.
  path: Assets/Art/Anim/RetroWindowsGUI/Windows_Slider_Background.png
  artifactKey: Guid(2f89950c3142f954bbe68e761e690d26) Importer(815301076,1909f56bfc062723c751e8b465ee728b)
Start importing Assets/Art/Anim/RetroWindowsGUI/Windows_Slider_Background.png using Guid(2f89950c3142f954bbe68e761e690d26) Importer(815301076,1909f56bfc062723c751e8b465ee728b)  -> (artifact id: '953b69042fe4a3b3945070a17e305a87') in 0.010747 seconds 
========================================================================
Received Import Request.
  Time since last request: 0.000046 seconds.
  path: Assets/Art/Anim/RetroWindowsGUI/Windows_Toggle_Selected.png
  artifactKey: Guid(147f3e358043a474ba3bdcfdd880d2b2) Importer(815301076,1909f56bfc062723c751e8b465ee728b)
Start importing Assets/Art/Anim/RetroWindowsGUI/Windows_Toggle_Selected.png using Guid(147f3e358043a474ba3bdcfdd880d2b2) Importer(815301076,1909f56bfc062723c751e8b465ee728b)  -> (artifact id: 'bb51b5f0076522ccd900a34201c8e169') in 0.015749 seconds 
========================================================================
Received Import Request.
  Time since last request: 0.000036 seconds.
  path: Assets/Art/Anim/RetroWindowsGUI/Windows_Ratio_Inactive.png
  artifactKey: Guid(15f665cd7cd758d4caa393056156f410) Importer(815301076,1909f56bfc062723c751e8b465ee728b)
Start importing Assets/Art/Anim/RetroWindowsGUI/Windows_Ratio_Inactive.png using Guid(15f665cd7cd758d4caa393056156f410) Importer(815301076,1909f56bfc062723c751e8b465ee728b)  -> (artifact id: '58cd342438bacab4526ad138a95b33bc') in 0.010802 seconds 
========================================================================
Received Import Request.
  Time since last request: 0.000034 seconds.
  path: Assets/Art/Anim/RetroWindowsGUI/Windows_Example_ItchPic.png
  artifactKey: Guid(63c28bbe220e3c646a78637ee5c37b19) Importer(815301076,1909f56bfc062723c751e8b465ee728b)
Start importing Assets/Art/Anim/RetroWindowsGUI/Windows_Example_ItchPic.png using Guid(63c28bbe220e3c646a78637ee5c37b19) Importer(815301076,1909f56bfc062723c751e8b465ee728b)  -> (artifact id: '800eee0a792dcc60454b909957bfdccf') in 0.030392 seconds 
========================================================================
Received Import Request.
  Time since last request: 0.000044 seconds.
  path: Assets/Art/Anim/RetroWindowsGUI/Windows_Progress_Fill.png
  artifactKey: Guid(b7ece131e9bc68a47ba3e23479adad0d) Importer(815301076,1909f56bfc062723c751e8b465ee728b)
Start importing Assets/Art/Anim/RetroWindowsGUI/Windows_Progress_Fill.png using Guid(b7ece131e9bc68a47ba3e23479adad0d) Importer(815301076,1909f56bfc062723c751e8b465ee728b)  -> (artifact id: 'b6f0d385e942ecc56be73fb8c5618cf2') in 0.008944 seconds 
========================================================================
Received Import Request.
  Time since last request: 0.000034 seconds.
  path: Assets/Art/Anim/RetroWindowsGUI/Window_Header_Resizable_Inactive.png
  artifactKey: Guid(39fe927ffd2e44b4fbb6328f841f2a60) Importer(815301076,1909f56bfc062723c751e8b465ee728b)
Start importing Assets/Art/Anim/RetroWindowsGUI/Window_Header_Resizable_Inactive.png using Guid(39fe927ffd2e44b4fbb6328f841f2a60) Importer(815301076,1909f56bfc062723c751e8b465ee728b)  -> (artifact id: '805fec8d391bb6814e9698a4f2d2e1f5') in 0.008122 seconds 
Editor requested this worker to shutdown with reason: Scaling down because of idle timeout
AssetImportWorker is now disconnected from the server
Process exiting
Exiting without the bug reporter. Application will terminate with return code 0